[0.156s] DEBUG:colcon:Command line arguments: ['/usr/bin/colcon', 'build']
[0.156s] DEBUG:colcon:Parsed command line arguments: Namespace(ament_cmake_args=None, base_paths=['.'], bazel_args=None, bazel_task=None, build_base='build', catkin_cmake_args=None, catkin_skip_building_tests=False, cmake_args=None, cmake_clean_cache=False, cmake_clean_first=False, cmake_force_configure=False, cmake_target=None, cmake_target_skip_unavailable=False, continue_on_error=False, event_handlers=None, executor='parallel', ignore_user_meta=False, install_base='install', log_base=None, log_level=None, main=<bound method BuildVerb.main of <colcon_core.verb.build.BuildVerb object at 0x7f07291397f0>>, merge_install=False, metas=['./colcon.meta'], mixin=None, mixin_files=None, mixin_verb=('build',), packages_above=None, packages_above_and_dependencies=None, packages_above_depth=None, packages_end=None, packages_ignore=None, packages_ignore_regex=None, packages_select=None, packages_select_build_failed=False, packages_select_by_dep=None, packages_select_regex=None, packages_select_test_failures=False, packages_skip=None, packages_skip_build_finished=False, packages_skip_by_dep=None, packages_skip_regex=None, packages_skip_test_passed=False, packages_skip_up_to=None, packages_start=None, packages_up_to=None, packages_up_to_regex=None, parallel_workers=12, paths=None, symlink_install=False, test_result_base=None, verb_extension=<colcon_core.verb.build.BuildVerb object at 0x7f07291397f0>, verb_name='build', verb_parser=<colcon_mixin.mixin.mixin_argument.MixinArgumentDecorator object at 0x7f0729139e20>)
[0.167s] Level 1:colcon.colcon_core.package_discovery:discover_packages(colcon_meta) check parameters
[0.167s] Level 1:colcon.colcon_core.package_discovery:discover_packages(recursive) check parameters
[0.167s] Level 1:colcon.colcon_core.package_discovery:discover_packages(ignore) check parameters
[0.167s] Level 1:colcon.colcon_core.package_discovery:discover_packages(path) check parameters
[0.167s] Level 1:colcon.colcon_core.package_discovery:discover_packages(colcon_meta) discover
[0.167s] Level 1:colcon.colcon_core.package_discovery:discover_packages(recursive) discover
[0.167s] INFO:colcon.colcon_core.package_discovery:Crawling recursively for packages in '/home/rmf-tester/AMR_S3_FuncTest_ws'
[0.167s] Level 1:colcon.colcon_core.package_identification:_identify(.) by extensions ['ignore', 'ignore_ament_install']
[0.168s] Level 1:colcon.colcon_core.package_identification:_identify(.) by extension 'ignore'
[0.168s] Level 1:colcon.colcon_core.package_identification:_identify(.) by extension 'ignore_ament_install'
[0.168s] Level 1:colcon.colcon_core.package_identification:_identify(.) by extensions ['colcon_pkg']
[0.168s] Level 1:colcon.colcon_core.package_identification:_identify(.) by extension 'colcon_pkg'
[0.168s] Level 1:colcon.colcon_core.package_identification:_identify(.) by extensions ['colcon_meta']
[0.168s] Level 1:colcon.colcon_core.package_identification:_identify(.) by extension 'colcon_meta'
[0.168s] Level 1:colcon.colcon_core.package_identification:_identify(.) by extensions ['ros']
[0.168s] Level 1:colcon.colcon_core.package_identification:_identify(.) by extension 'ros'
[0.170s] Level 1:colcon.colcon_core.package_identification:_identify(.) by extensions ['bazel', 'cmake', 'python']
[0.170s] Level 1:colcon.colcon_core.package_identification:_identify(.) by extension 'bazel'
[0.170s] Level 1:colcon.colcon_core.package_identification:_identify(.) by extension 'cmake'
[0.170s] Level 1:colcon.colcon_core.package_identification:_identify(.) by extension 'python'
[0.170s] Level 1:colcon.colcon_core.package_identification:_identify(.) by extensions ['python_setup_py']
[0.170s] Level 1:colcon.colcon_core.package_identification:_identify(.) by extension 'python_setup_py'
[0.170s] Level 1:colcon.colcon_core.package_identification:_identify(build) by extensions ['ignore', 'ignore_ament_install']
[0.170s] Level 1:colcon.colcon_core.package_identification:_identify(build) by extension 'ignore'
[0.170s] Level 1:colcon.colcon_core.package_identification:_identify(build) ignored
[0.170s] Level 1:colcon.colcon_core.package_identification:_identify(install) by extensions ['ignore', 'ignore_ament_install']
[0.171s] Level 1:colcon.colcon_core.package_identification:_identify(install) by extension 'ignore'
[0.171s] Level 1:colcon.colcon_core.package_identification:_identify(install) ignored
[0.171s] Level 1:colcon.colcon_core.package_identification:_identify(log) by extensions ['ignore', 'ignore_ament_install']
[0.171s] Level 1:colcon.colcon_core.package_identification:_identify(log) by extension 'ignore'
[0.171s] Level 1:colcon.colcon_core.package_identification:_identify(log) ignored
[0.171s] Level 1:colcon.colcon_core.package_identification:_identify(src) by extensions ['ignore', 'ignore_ament_install']
[0.171s] Level 1:colcon.colcon_core.package_identification:_identify(src) by extension 'ignore'
[0.171s] Level 1:colcon.colcon_core.package_identification:_identify(src) by extension 'ignore_ament_install'
[0.171s] Level 1:colcon.colcon_core.package_identification:_identify(src) by extensions ['colcon_pkg']
[0.171s] Level 1:colcon.colcon_core.package_identification:_identify(src) by extension 'colcon_pkg'
[0.171s] Level 1:colcon.colcon_core.package_identification:_identify(src) by extensions ['colcon_meta']
[0.171s] Level 1:colcon.colcon_core.package_identification:_identify(src) by extension 'colcon_meta'
[0.171s] Level 1:colcon.colcon_core.package_identification:_identify(src) by extensions ['ros']
[0.171s] Level 1:colcon.colcon_core.package_identification:_identify(src) by extension 'ros'
[0.171s] Level 1:colcon.colcon_core.package_identification:_identify(src) by extensions ['bazel', 'cmake', 'python']
[0.171s] Level 1:colcon.colcon_core.package_identification:_identify(src) by extension 'bazel'
[0.171s] Level 1:colcon.colcon_core.package_identification:_identify(src) by extension 'cmake'
[0.171s] Level 1:colcon.colcon_core.package_identification:_identify(src) by extension 'python'
[0.172s] Level 1:colcon.colcon_core.package_identification:_identify(src) by extensions ['python_setup_py']
[0.172s] Level 1:colcon.colcon_core.package_identification:_identify(src) by extension 'python_setup_py'
[0.172s] Level 1:colcon.colcon_core.package_identification:_identify(src/functionality_test) by extensions ['ignore', 'ignore_ament_install']
[0.172s] Level 1:colcon.colcon_core.package_identification:_identify(src/functionality_test) by extension 'ignore'
[0.172s] Level 1:colcon.colcon_core.package_identification:_identify(src/functionality_test) by extension 'ignore_ament_install'
[0.172s] Level 1:colcon.colcon_core.package_identification:_identify(src/functionality_test) by extensions ['colcon_pkg']
[0.172s] Level 1:colcon.colcon_core.package_identification:_identify(src/functionality_test) by extension 'colcon_pkg'
[0.172s] Level 1:colcon.colcon_core.package_identification:_identify(src/functionality_test) by extensions ['colcon_meta']
[0.172s] Level 1:colcon.colcon_core.package_identification:_identify(src/functionality_test) by extension 'colcon_meta'
[0.172s] Level 1:colcon.colcon_core.package_identification:_identify(src/functionality_test) by extensions ['ros']
[0.172s] Level 1:colcon.colcon_core.package_identification:_identify(src/functionality_test) by extension 'ros'
[0.174s] DEBUG:colcon.colcon_core.package_identification:Package 'src/functionality_test' with type 'ros.ament_python' and name 'functionality_test'
[0.174s] Level 1:colcon.colcon_core.package_discovery:discover_packages(recursive) using defaults
[0.174s] Level 1:colcon.colcon_core.package_discovery:discover_packages(ignore) discover
[0.174s] Level 1:colcon.colcon_core.package_discovery:discover_packages(ignore) using defaults
[0.174s] Level 1:colcon.colcon_core.package_discovery:discover_packages(path) discover
[0.174s] Level 1:colcon.colcon_core.package_discovery:discover_packages(path) using defaults
[0.189s] Level 5:colcon.colcon_core.verb:set package 'functionality_test' build argument 'bazel_args' from command line to 'None'
[0.189s] Level 5:colcon.colcon_core.verb:set package 'functionality_test' build argument 'bazel_task' from command line to 'None'
[0.189s] Level 5:colcon.colcon_core.verb:set package 'functionality_test' build argument 'cmake_args' from command line to 'None'
[0.189s] Level 5:colcon.colcon_core.verb:set package 'functionality_test' build argument 'cmake_target' from command line to 'None'
[0.189s] Level 5:colcon.colcon_core.verb:set package 'functionality_test' build argument 'cmake_target_skip_unavailable' from command line to 'False'
[0.189s] Level 5:colcon.colcon_core.verb:set package 'functionality_test' build argument 'cmake_clean_cache' from command line to 'False'
[0.189s] Level 5:colcon.colcon_core.verb:set package 'functionality_test' build argument 'cmake_clean_first' from command line to 'False'
[0.189s] Level 5:colcon.colcon_core.verb:set package 'functionality_test' build argument 'cmake_force_configure' from command line to 'False'
[0.189s] Level 5:colcon.colcon_core.verb:set package 'functionality_test' build argument 'ament_cmake_args' from command line to 'None'
[0.189s] Level 5:colcon.colcon_core.verb:set package 'functionality_test' build argument 'catkin_cmake_args' from command line to 'None'
[0.189s] Level 5:colcon.colcon_core.verb:set package 'functionality_test' build argument 'catkin_skip_building_tests' from command line to 'False'
[0.189s] DEBUG:colcon.colcon_core.verb:Building package 'functionality_test' with the following arguments: {'ament_cmake_args': None, 'bazel_args': None, 'bazel_task': None, 'build_base': '/home/rmf-tester/AMR_S3_FuncTest_ws/build/functionality_test', 'catkin_cmake_args': None, 'catkin_skip_building_tests': False, 'cmake_args': None, 'cmake_clean_cache': False, 'cmake_clean_first': False, 'cmake_force_configure': False, 'cmake_target': None, 'cmake_target_skip_unavailable': False, 'install_base': '/home/rmf-tester/AMR_S3_FuncTest_ws/install/functionality_test', 'merge_install': False, 'path': '/home/rmf-tester/AMR_S3_FuncTest_ws/src/functionality_test', 'symlink_install': False, 'test_result_base': None}
[0.190s] INFO:colcon.colcon_core.executor:Executing jobs using 'parallel' executor
[0.191s] DEBUG:colcon.colcon_parallel_executor.executor.parallel:run_until_complete
[0.191s] INFO:colcon.colcon_ros.task.ament_python.build:Building ROS package in '/home/rmf-tester/AMR_S3_FuncTest_ws/src/functionality_test' with build type 'ament_python'
[0.191s] Level 1:colcon.colcon_core.shell:create_environment_hook('functionality_test', 'ament_prefix_path')
[0.195s] INFO:colcon.colcon_core.plugin_system:Skipping extension 'colcon_core.shell.bat': Not used on non-Windows systems
[0.195s] INFO:colcon.colcon_core.shell:Creating environment hook '/home/rmf-tester/AMR_S3_FuncTest_ws/install/functionality_test/share/functionality_test/hook/ament_prefix_path.ps1'
[0.196s] INFO:colcon.colcon_core.shell:Creating environment descriptor '/home/rmf-tester/AMR_S3_FuncTest_ws/install/functionality_test/share/functionality_test/hook/ament_prefix_path.dsv'
[0.196s] INFO:colcon.colcon_core.shell:Creating environment hook '/home/rmf-tester/AMR_S3_FuncTest_ws/install/functionality_test/share/functionality_test/hook/ament_prefix_path.sh'
[0.197s] INFO:colcon.colcon_core.shell:Skip shell extension 'powershell' for command environment: Not usable outside of PowerShell
[0.197s] DEBUG:colcon.colcon_core.shell:Skip shell extension 'dsv' for command environment
[0.199s] DEBUG:colcon.colcon_core.shell:Ignoring prefix path '/opt/ros/foxy'
[0.381s] INFO:colcon.colcon_core.task.python.build:Building Python package in '/home/rmf-tester/AMR_S3_FuncTest_ws/src/functionality_test'
[0.382s] INFO:colcon.colcon_core.shell:Skip shell extension 'powershell' for command environment: Not usable outside of PowerShell
[0.382s] DEBUG:colcon.colcon_core.shell:Skip shell extension 'dsv' for command environment
[0.384s] DEBUG:colcon.colcon_core.shell:Ignoring prefix path '/opt/ros/foxy'
[0.390s] DEBUG:colcon.colcon_core.event_handler.log_command:Invoking command in '/home/rmf-tester/AMR_S3_FuncTest_ws/src/functionality_test': PYTHONPATH=/home/rmf-tester/AMR_S3_FuncTest_ws/install/functionality_test/lib/python3.8/site-packages:${PYTHONPATH} /usr/bin/python3 setup.py egg_info --egg-base ../../build/functionality_test build --build-base /home/rmf-tester/AMR_S3_FuncTest_ws/build/functionality_test/build install --prefix /home/rmf-tester/AMR_S3_FuncTest_ws/install/functionality_test --record /home/rmf-tester/AMR_S3_FuncTest_ws/build/functionality_test/install.log --single-version-externally-managed
[0.625s] DEBUG:colcon.colcon_core.event_handler.log_command:Invoked command in '/home/rmf-tester/AMR_S3_FuncTest_ws/src/functionality_test' returned '0': PYTHONPATH=/home/rmf-tester/AMR_S3_FuncTest_ws/install/functionality_test/lib/python3.8/site-packages:${PYTHONPATH} /usr/bin/python3 setup.py egg_info --egg-base ../../build/functionality_test build --build-base /home/rmf-tester/AMR_S3_FuncTest_ws/build/functionality_test/build install --prefix /home/rmf-tester/AMR_S3_FuncTest_ws/install/functionality_test --record /home/rmf-tester/AMR_S3_FuncTest_ws/build/functionality_test/install.log --single-version-externally-managed
[0.627s] Level 1:colcon.colcon_core.environment:checking '/home/rmf-tester/AMR_S3_FuncTest_ws/install/functionality_test' for CMake module files
[0.627s] Level 1:colcon.colcon_core.environment:checking '/home/rmf-tester/AMR_S3_FuncTest_ws/install/functionality_test' for CMake config files
[0.628s] Level 1:colcon.colcon_core.environment:checking '/home/rmf-tester/AMR_S3_FuncTest_ws/install/functionality_test/lib'
[0.628s] Level 1:colcon.colcon_core.environment:checking '/home/rmf-tester/AMR_S3_FuncTest_ws/install/functionality_test/bin'
[0.628s] Level 1:colcon.colcon_core.environment:checking '/home/rmf-tester/AMR_S3_FuncTest_ws/install/functionality_test/lib/pkgconfig/functionality_test.pc'
[0.628s] Level 1:colcon.colcon_core.environment:checking '/home/rmf-tester/AMR_S3_FuncTest_ws/install/functionality_test/lib/python3.8/site-packages'
[0.628s] Level 1:colcon.colcon_core.shell:create_environment_hook('functionality_test', 'pythonpath')
[0.629s] INFO:colcon.colcon_core.shell:Creating environment hook '/home/rmf-tester/AMR_S3_FuncTest_ws/install/functionality_test/share/functionality_test/hook/pythonpath.ps1'
[0.629s] INFO:colcon.colcon_core.shell:Creating environment descriptor '/home/rmf-tester/AMR_S3_FuncTest_ws/install/functionality_test/share/functionality_test/hook/pythonpath.dsv'
[0.629s] INFO:colcon.colcon_core.shell:Creating environment hook '/home/rmf-tester/AMR_S3_FuncTest_ws/install/functionality_test/share/functionality_test/hook/pythonpath.sh'
[0.630s] Level 1:colcon.colcon_core.environment:create_environment_scripts_only(functionality_test)
[0.630s] INFO:colcon.colcon_core.shell:Creating package script '/home/rmf-tester/AMR_S3_FuncTest_ws/install/functionality_test/share/functionality_test/package.ps1'
[0.631s] INFO:colcon.colcon_core.shell:Creating package descriptor '/home/rmf-tester/AMR_S3_FuncTest_ws/install/functionality_test/share/functionality_test/package.dsv'
[0.631s] INFO:colcon.colcon_core.shell:Creating package script '/home/rmf-tester/AMR_S3_FuncTest_ws/install/functionality_test/share/functionality_test/package.sh'
[0.632s] INFO:colcon.colcon_core.shell:Creating package script '/home/rmf-tester/AMR_S3_FuncTest_ws/install/functionality_test/share/functionality_test/package.bash'
[0.632s] INFO:colcon.colcon_core.shell:Creating package script '/home/rmf-tester/AMR_S3_FuncTest_ws/install/functionality_test/share/functionality_test/package.zsh'
[0.633s] Level 1:colcon.colcon_core.environment:create_file_with_runtime_dependencies(/home/rmf-tester/AMR_S3_FuncTest_ws/install/functionality_test/share/colcon-core/packages/functionality_test)
[0.633s] DEBUG:colcon.colcon_parallel_executor.executor.parallel:closing loop
[0.633s] DEBUG:colcon.colcon_parallel_executor.executor.parallel:loop closed
[0.633s] DEBUG:colcon.colcon_parallel_executor.executor.parallel:run_until_complete finished with '0'
[0.633s] DEBUG:colcon.colcon_core.event_reactor:joining thread
[0.638s] INFO:colcon.colcon_core.plugin_system:Skipping extension 'colcon_notification.desktop_notification.terminal_notifier': Not used on non-Darwin systems
[0.638s] INFO:colcon.colcon_core.plugin_system:Skipping extension 'colcon_notification.desktop_notification.win32': Not used on non-Windows systems
[0.638s] INFO:colcon.colcon_notification.desktop_notification:Sending desktop notification using 'notify2'
[0.653s] DEBUG:colcon.colcon_core.event_reactor:joined thread
[0.653s] INFO:colcon.colcon_core.shell:Creating prefix script '/home/rmf-tester/AMR_S3_FuncTest_ws/install/local_setup.ps1'
[0.654s] INFO:colcon.colcon_core.shell:Creating prefix util module '/home/rmf-tester/AMR_S3_FuncTest_ws/install/_local_setup_util_ps1.py'
[0.655s] INFO:colcon.colcon_core.shell:Creating prefix chain script '/home/rmf-tester/AMR_S3_FuncTest_ws/install/setup.ps1'
[0.656s] INFO:colcon.colcon_core.shell:Creating prefix script '/home/rmf-tester/AMR_S3_FuncTest_ws/install/local_setup.sh'
[0.657s] INFO:colcon.colcon_core.shell:Creating prefix util module '/home/rmf-tester/AMR_S3_FuncTest_ws/install/_local_setup_util_sh.py'
[0.657s] INFO:colcon.colcon_core.shell:Creating prefix chain script '/home/rmf-tester/AMR_S3_FuncTest_ws/install/setup.sh'
[0.659s] INFO:colcon.colcon_core.shell:Creating prefix script '/home/rmf-tester/AMR_S3_FuncTest_ws/install/local_setup.bash'
[0.659s] INFO:colcon.colcon_core.shell:Creating prefix chain script '/home/rmf-tester/AMR_S3_FuncTest_ws/install/setup.bash'
[0.661s] INFO:colcon.colcon_core.shell:Creating prefix script '/home/rmf-tester/AMR_S3_FuncTest_ws/install/local_setup.zsh'
[0.661s] INFO:colcon.colcon_core.shell:Creating prefix chain script '/home/rmf-tester/AMR_S3_FuncTest_ws/install/setup.zsh'
